{"C:\\Users\\Ajay.Mahamuni\\Desktop\\React\\4__Fourth\\react-basic-assignment1\\src\\App.js": {"path":"C:\\Users\\Ajay.Mahamuni\\Desktop\\React\\4__Fourth\\react-basic-assignment1\\src\\App.js","statementMap":{"0":{"start":{"line":9,"column":12},"end":{"line":62,"column":1}},"1":{"start":{"line":10,"column":28},"end":{"line":10,"column":40}},"2":{"start":{"line":11,"column":48},"end":{"line":11,"column":63}},"3":{"start":{"line":13,"column":2},"end":{"line":19,"column":9}},"4":{"start":{"line":14,"column":18},"end":{"line":14,"column":53}},"5":{"start":{"line":15,"column":4},"end":{"line":18,"column":5}},"6":{"start":{"line":16,"column":6},"end":{"line":16,"column":31}},"7":{"start":{"line":17,"column":6},"end":{"line":17,"column":24}},"8":{"start":{"line":21,"column":21},"end":{"line":39,"column":3}},"9":{"start":{"line":22,"column":4},"end":{"line":38,"column":5}},"10":{"start":{"line":23,"column":23},"end":{"line":28,"column":8}},"11":{"start":{"line":30,"column":6},"end":{"line":35,"column":7}},"12":{"start":{"line":31,"column":21},"end":{"line":31,"column":42}},"13":{"start":{"line":32,"column":8},"end":{"line":32,"column":23}},"14":{"start":{"line":34,"column":8},"end":{"line":34,"column":68}},"15":{"start":{"line":37,"column":6},"end":{"line":37,"column":52}},"16":{"start":{"line":41,"column":23},"end":{"line":44,"column":3}},"17":{"start":{"line":42,"column":4},"end":{"line":42,"column":43}},"18":{"start":{"line":43,"column":4},"end":{"line":43,"column":30}},"19":{"start":{"line":46,"column":2},"end":{"line":61,"column":4}}},"fnMap":{"0":{"name":"(anonymous_0)","decl":{"start":{"line":9,"column":12},"end":{"line":9,"column":13}},"loc":{"start":{"line":9,"column":18},"end":{"line":62,"column":1}},"line":9},"1":{"name":"(anonymous_1)","decl":{"start":{"line":13,"column":12},"end":{"line":13,"column":13}},"loc":{"start":{"line":13,"column":18},"end":{"line":19,"column":3}},"line":13},"2":{"name":"(anonymous_2)","decl":{"start":{"line":21,"column":21},"end":{"line":21,"column":22}},"loc":{"start":{"line":21,"column":38},"end":{"line":39,"column":3}},"line":21},"3":{"name":"(anonymous_3)","decl":{"start":{"line":41,"column":23},"end":{"line":41,"column":24}},"loc":{"start":{"line":41,"column":29},"end":{"line":44,"column":3}},"line":41}},"branchMap":{"0":{"loc":{"start":{"line":15,"column":4},"end":{"line":18,"column":5}},"type":"if","locations":[{"start":{"line":15,"column":4},"end":{"line":18,"column":5}},{"start":{},"end":{}}],"line":15},"1":{"loc":{"start":{"line":30,"column":6},"end":{"line":35,"column":7}},"type":"if","locations":[{"start":{"line":30,"column":6},"end":{"line":35,"column":7}},{"start":{"line":33,"column":13},"end":{"line":35,"column":7}}],"line":30},"2":{"loc":{"start":{"line":49,"column":9},"end":{"line":53,"column":9}},"type":"binary-expr","locations":[{"start":{"line":49,"column":9},"end":{"line":49,"column":24}},{"start":{"line":50,"column":10},"end":{"line":52,"column":19}}],"line":49},"3":{"loc":{"start":{"line":55,"column":35},"end":{"line":55,"column":126}},"type":"cond-expr","locations":[{"start":{"line":55,"column":53},"end":{"line":55,"column":99}},{"start":{"line":55,"column":102},"end":{"line":55,"column":126}}],"line":55}},"s":{"0":1,"1":1,"2":1,"3":1,"4":1,"5":1,"6":0,"7":0,"8":1,"9":0,"10":0,"11":0,"12":0,"13":0,"14":0,"15":0,"16":1,"17":0,"18":0,"19":1},"f":{"0":1,"1":1,"2":0,"3":0},"b":{"0":[0,1],"1":[0,0],"2":[1,0],"3":[0,1]},"_coverageSchema":"1a1c01bbd47fc00a2c39e90264f33305004495a9","hash":"dc6fd2c8054550bb37efa100c4597b4be12b6b63"}
,"C:\\Users\\Ajay.Mahamuni\\Desktop\\React\\4__Fourth\\react-basic-assignment1\\src\\index.js": {"path":"C:\\Users\\Ajay.Mahamuni\\Desktop\\React\\4__Fourth\\react-basic-assignment1\\src\\index.js","statementMap":{"0":{"start":{"line":10,"column":13},"end":{"line":10,"column":65}},"1":{"start":{"line":11,"column":0},"end":{"line":16,"column":2}},"2":{"start":{"line":19,"column":0},"end":{"line":19,"column":18}}},"fnMap":{},"branchMap":{},"s":{"0":0,"1":0,"2":0},"f":{},"b":{}}
,"C:\\Users\\Ajay.Mahamuni\\Desktop\\React\\4__Fourth\\react-basic-assignment1\\src\\components\\Card.js": {"path":"C:\\Users\\Ajay.Mahamuni\\Desktop\\React\\4__Fourth\\react-basic-assignment1\\src\\components\\Card.js","statementMap":{"0":{"start":{"line":5,"column":13},"end":{"line":74,"column":1}},"1":{"start":{"line":6,"column":20},"end":{"line":6,"column":102}},"2":{"start":{"line":8,"column":36},"end":{"line":8,"column":51}},"3":{"start":{"line":9,"column":34},"end":{"line":9,"column":48}},"4":{"start":{"line":10,"column":32},"end":{"line":10,"column":47}},"5":{"start":{"line":12,"column":26},"end":{"line":14,"column":3}},"6":{"start":{"line":13,"column":4},"end":{"line":13,"column":23}},"7":{"start":{"line":16,"column":21},"end":{"line":18,"column":3}},"8":{"start":{"line":17,"column":4},"end":{"line":17,"column":28}},"9":{"start":{"line":20,"column":23},"end":{"line":24,"column":3}},"10":{"start":{"line":21,"column":4},"end":{"line":23,"column":5}},"11":{"start":{"line":22,"column":6},"end":{"line":22,"column":28}},"12":{"start":{"line":26,"column":27},"end":{"line":28,"column":3}},"13":{"start":{"line":27,"column":4},"end":{"line":27,"column":25}},"14":{"start":{"line":30,"column":2},"end":{"line":73,"column":4}},"15":{"start":{"line":69,"column":23},"end":{"line":69,"column":42}}},"fnMap":{"0":{"name":"(anonymous_0)","decl":{"start":{"line":5,"column":13},"end":{"line":5,"column":14}},"loc":{"start":{"line":5,"column":37},"end":{"line":74,"column":1}},"line":5},"1":{"name":"(anonymous_1)","decl":{"start":{"line":12,"column":26},"end":{"line":12,"column":27}},"loc":{"start":{"line":12,"column":32},"end":{"line":14,"column":3}},"line":12},"2":{"name":"(anonymous_2)","decl":{"start":{"line":16,"column":21},"end":{"line":16,"column":22}},"loc":{"start":{"line":16,"column":37},"end":{"line":18,"column":3}},"line":16},"3":{"name":"(anonymous_3)","decl":{"start":{"line":20,"column":23},"end":{"line":20,"column":24}},"loc":{"start":{"line":20,"column":29},"end":{"line":24,"column":3}},"line":20},"4":{"name":"(anonymous_4)","decl":{"start":{"line":26,"column":27},"end":{"line":26,"column":28}},"loc":{"start":{"line":26,"column":33},"end":{"line":28,"column":3}},"line":26},"5":{"name":"(anonymous_5)","decl":{"start":{"line":69,"column":17},"end":{"line":69,"column":18}},"loc":{"start":{"line":69,"column":23},"end":{"line":69,"column":42}},"line":69}},"branchMap":{"0":{"loc":{"start":{"line":21,"column":4},"end":{"line":23,"column":5}},"type":"if","locations":[{"start":{"line":21,"column":4},"end":{"line":23,"column":5}},{"start":{},"end":{}}],"line":21},"1":{"loc":{"start":{"line":57,"column":9},"end":{"line":61,"column":9}},"type":"cond-expr","locations":[{"start":{"line":58,"column":10},"end":{"line":58,"column":75}},{"start":{"line":60,"column":10},"end":{"line":60,"column":69}}],"line":57}},"s":{"0":2,"1":2,"2":2,"3":2,"4":2,"5":2,"6":0,"7":2,"8":0,"9":2,"10":0,"11":0,"12":2,"13":0,"14":2,"15":0},"f":{"0":2,"1":0,"2":0,"3":0,"4":0,"5":0},"b":{"0":[0,0],"1":[0,2]},"_coverageSchema":"1a1c01bbd47fc00a2c39e90264f33305004495a9","hash":"e9730f103b6c60aa58e5e7cb4c3da522fde4a803"}
,"C:\\Users\\Ajay.Mahamuni\\Desktop\\React\\4__Fourth\\react-basic-assignment1\\src\\components\\CardList.js": {"path":"C:\\Users\\Ajay.Mahamuni\\Desktop\\React\\4__Fourth\\react-basic-assignment1\\src\\components\\CardList.js","statementMap":{"0":{"start":{"line":4,"column":17},"end":{"line":23,"column":1}},"1":{"start":{"line":5,"column":4},"end":{"line":7,"column":5}},"2":{"start":{"line":6,"column":8},"end":{"line":6,"column":42}},"3":{"start":{"line":10,"column":25},"end":{"line":12,"column":5}},"4":{"start":{"line":11,"column":8},"end":{"line":11,"column":74}},"5":{"start":{"line":11,"column":32},"end":{"line":11,"column":72}},"6":{"start":{"line":11,"column":57},"end":{"line":11,"column":71}},"7":{"start":{"line":14,"column":4},"end":{"line":22,"column":6}},"8":{"start":{"line":17,"column":16},"end":{"line":19,"column":22}}},"fnMap":{"0":{"name":"(anonymous_0)","decl":{"start":{"line":4,"column":17},"end":{"line":4,"column":18}},"loc":{"start":{"line":4,"column":42},"end":{"line":23,"column":1}},"line":4},"1":{"name":"(anonymous_1)","decl":{"start":{"line":10,"column":25},"end":{"line":10,"column":26}},"loc":{"start":{"line":10,"column":33},"end":{"line":12,"column":5}},"line":10},"2":{"name":"(anonymous_2)","decl":{"start":{"line":11,"column":17},"end":{"line":11,"column":18}},"loc":{"start":{"line":11,"column":32},"end":{"line":11,"column":72}},"line":11},"3":{"name":"(anonymous_3)","decl":{"start":{"line":11,"column":49},"end":{"line":11,"column":50}},"loc":{"start":{"line":11,"column":57},"end":{"line":11,"column":71}},"line":11},"4":{"name":"(anonymous_4)","decl":{"start":{"line":16,"column":23},"end":{"line":16,"column":24}},"loc":{"start":{"line":17,"column":16},"end":{"line":19,"column":22}},"line":17}},"branchMap":{"0":{"loc":{"start":{"line":5,"column":4},"end":{"line":7,"column":5}},"type":"if","locations":[{"start":{"line":5,"column":4},"end":{"line":7,"column":5}},{"start":{},"end":{}}],"line":5},"1":{"loc":{"start":{"line":5,"column":8},"end":{"line":5,"column":36}},"type":"binary-expr","locations":[{"start":{"line":5,"column":8},"end":{"line":5,"column":14}},{"start":{"line":5,"column":18},"end":{"line":5,"column":36}}],"line":5}},"s":{"0":2,"1":2,"2":1,"3":1,"4":0,"5":0,"6":0,"7":1,"8":2},"f":{"0":2,"1":0,"2":0,"3":0,"4":2},"b":{"0":[1,1],"1":[2,2]},"_coverageSchema":"1a1c01bbd47fc00a2c39e90264f33305004495a9","hash":"3e5e6e8a1b4226d77beef7bca02606fa5167be30"}
,"C:\\Users\\Ajay.Mahamuni\\Desktop\\React\\4__Fourth\\react-basic-assignment1\\src\\components\\EditUser.js": {"path":"C:\\Users\\Ajay.Mahamuni\\Desktop\\React\\4__Fourth\\react-basic-assignment1\\src\\components\\EditUser.js","statementMap":{"0":{"start":{"line":4,"column":17},"end":{"line":79,"column":1}},"1":{"start":{"line":5,"column":38},"end":{"line":5,"column":52}},"2":{"start":{"line":8,"column":28},"end":{"line":14,"column":3}},"3":{"start":{"line":9,"column":28},"end":{"line":9,"column":36}},"4":{"start":{"line":10,"column":4},"end":{"line":13,"column":7}},"5":{"start":{"line":16,"column":23},"end":{"line":19,"column":3}},"6":{"start":{"line":17,"column":4},"end":{"line":17,"column":23}},"7":{"start":{"line":18,"column":4},"end":{"line":18,"column":14}},"8":{"start":{"line":21,"column":2},"end":{"line":78,"column":4}}},"fnMap":{"0":{"name":"(anonymous_0)","decl":{"start":{"line":4,"column":17},"end":{"line":4,"column":18}},"loc":{"start":{"line":4,"column":56},"end":{"line":79,"column":1}},"line":4},"1":{"name":"(anonymous_1)","decl":{"start":{"line":8,"column":28},"end":{"line":8,"column":29}},"loc":{"start":{"line":8,"column":35},"end":{"line":14,"column":3}},"line":8},"2":{"name":"(anonymous_2)","decl":{"start":{"line":16,"column":23},"end":{"line":16,"column":24}},"loc":{"start":{"line":16,"column":29},"end":{"line":19,"column":3}},"line":16}},"branchMap":{},"s":{"0":2,"1":2,"2":2,"3":0,"4":0,"5":2,"6":0,"7":0,"8":2},"f":{"0":2,"1":0,"2":0},"b":{},"_coverageSchema":"1a1c01bbd47fc00a2c39e90264f33305004495a9","hash":"6745282df551cc235497dca2ddd72e05d2f8992d"}
,"C:\\Users\\Ajay.Mahamuni\\Desktop\\React\\4__Fourth\\react-basic-assignment1\\src\\components\\Login.js": {"path":"C:\\Users\\Ajay.Mahamuni\\Desktop\\React\\4__Fourth\\react-basic-assignment1\\src\\components\\Login.js","statementMap":{"0":{"start":{"line":4,"column":14},"end":{"line":61,"column":1}},"1":{"start":{"line":5,"column":34},"end":{"line":5,"column":46}},"2":{"start":{"line":6,"column":34},"end":{"line":6,"column":46}},"3":{"start":{"line":7,"column":28},"end":{"line":7,"column":40}},"4":{"start":{"line":8,"column":19},"end":{"line":8,"column":32}},"5":{"start":{"line":11,"column":23},"end":{"line":11,"column":29}},"6":{"start":{"line":12,"column":23},"end":{"line":12,"column":34}},"7":{"start":{"line":14,"column":22},"end":{"line":28,"column":3}},"8":{"start":{"line":15,"column":4},"end":{"line":15,"column":23}},"9":{"start":{"line":16,"column":4},"end":{"line":16,"column":17}},"10":{"start":{"line":18,"column":4},"end":{"line":27,"column":5}},"11":{"start":{"line":20,"column":26},"end":{"line":20,"column":42}},"12":{"start":{"line":21,"column":6},"end":{"line":21,"column":55}},"13":{"start":{"line":23,"column":6},"end":{"line":23,"column":31}},"14":{"start":{"line":24,"column":6},"end":{"line":24,"column":20}},"15":{"start":{"line":26,"column":6},"end":{"line":26,"column":44}},"16":{"start":{"line":30,"column":2},"end":{"line":60,"column":4}},"17":{"start":{"line":42,"column":29},"end":{"line":42,"column":56}},"18":{"start":{"line":53,"column":29},"end":{"line":53,"column":56}}},"fnMap":{"0":{"name":"(anonymous_0)","decl":{"start":{"line":4,"column":14},"end":{"line":4,"column":15}},"loc":{"start":{"line":4,"column":42},"end":{"line":61,"column":1}},"line":4},"1":{"name":"(anonymous_1)","decl":{"start":{"line":14,"column":22},"end":{"line":14,"column":23}},"loc":{"start":{"line":14,"column":29},"end":{"line":28,"column":3}},"line":14},"2":{"name":"(anonymous_2)","decl":{"start":{"line":42,"column":22},"end":{"line":42,"column":23}},"loc":{"start":{"line":42,"column":29},"end":{"line":42,"column":56}},"line":42},"3":{"name":"(anonymous_3)","decl":{"start":{"line":53,"column":22},"end":{"line":53,"column":23}},"loc":{"start":{"line":53,"column":29},"end":{"line":53,"column":56}},"line":53}},"branchMap":{"0":{"loc":{"start":{"line":18,"column":4},"end":{"line":27,"column":5}},"type":"if","locations":[{"start":{"line":18,"column":4},"end":{"line":27,"column":5}},{"start":{"line":25,"column":11},"end":{"line":27,"column":5}}],"line":18},"1":{"loc":{"start":{"line":18,"column":8},"end":{"line":18,"column":62}},"type":"binary-expr","locations":[{"start":{"line":18,"column":8},"end":{"line":18,"column":33}},{"start":{"line":18,"column":37},"end":{"line":18,"column":62}}],"line":18},"2":{"loc":{"start":{"line":33,"column":7},"end":{"line":33,"column":54}},"type":"binary-expr","locations":[{"start":{"line":33,"column":7},"end":{"line":33,"column":12}},{"start":{"line":33,"column":16},"end":{"line":33,"column":54}}],"line":33}},"s":{"0":2,"1":10,"2":10,"3":10,"4":10,"5":10,"6":10,"7":10,"8":2,"9":2,"10":2,"11":1,"12":1,"13":1,"14":1,"15":1,"16":10,"17":2,"18":2},"f":{"0":10,"1":2,"2":2,"3":2},"b":{"0":[1,1],"1":[2,1],"2":[10,1]},"_coverageSchema":"1a1c01bbd47fc00a2c39e90264f33305004495a9","hash":"648cfcdff5e9530d020846b0ab2a70356c9bee78"}
,"C:\\Users\\Ajay.Mahamuni\\Desktop\\React\\4__Fourth\\react-basic-assignment1\\src\\components\\Profile.js": {"path":"C:\\Users\\Ajay.Mahamuni\\Desktop\\React\\4__Fourth\\react-basic-assignment1\\src\\components\\Profile.js","statementMap":{"0":{"start":{"line":4,"column":16},"end":{"line":29,"column":1}},"1":{"start":{"line":5,"column":19},"end":{"line":5,"column":30}},"2":{"start":{"line":6,"column":17},"end":{"line":6,"column":61}},"3":{"start":{"line":6,"column":36},"end":{"line":6,"column":60}},"4":{"start":{"line":8,"column":22},"end":{"line":8,"column":104}},"5":{"start":{"line":10,"column":4},"end":{"line":12,"column":5}},"6":{"start":{"line":11,"column":8},"end":{"line":11,"column":41}},"7":{"start":{"line":14,"column":4},"end":{"line":28,"column":6}}},"fnMap":{"0":{"name":"(anonymous_0)","decl":{"start":{"line":4,"column":16},"end":{"line":4,"column":17}},"loc":{"start":{"line":4,"column":31},"end":{"line":29,"column":1}},"line":4},"1":{"name":"(anonymous_1)","decl":{"start":{"line":6,"column":28},"end":{"line":6,"column":29}},"loc":{"start":{"line":6,"column":36},"end":{"line":6,"column":60}},"line":6}},"branchMap":{"0":{"loc":{"start":{"line":10,"column":4},"end":{"line":12,"column":5}},"type":"if","locations":[{"start":{"line":10,"column":4},"end":{"line":12,"column":5}},{"start":{},"end":{}}],"line":10}},"s":{"0":2,"1":1,"2":1,"3":1,"4":1,"5":1,"6":0,"7":1},"f":{"0":1,"1":1},"b":{"0":[0,1]},"_coverageSchema":"1a1c01bbd47fc00a2c39e90264f33305004495a9","hash":"e739b9b174f48feca647b50b80909bf554e5ac19"}
}
