TN:
SF:src\App.js
FN:9,(anonymous_0)
FN:13,(anonymous_1)
FN:21,(anonymous_2)
FN:41,(anonymous_3)
FNF:4
FNH:2
FNDA:1,(anonymous_0)
FNDA:1,(anonymous_1)
FNDA:0,(anonymous_2)
FNDA:0,(anonymous_3)
DA:9,1
DA:10,1
DA:11,1
DA:13,1
DA:14,1
DA:15,1
DA:16,0
DA:17,0
DA:21,1
DA:22,0
DA:23,0
DA:30,0
DA:31,0
DA:32,0
DA:34,0
DA:37,0
DA:41,1
DA:42,0
DA:43,0
DA:46,1
LF:20
LH:9
BRDA:15,0,0,0
BRDA:15,0,1,1
BRDA:30,1,0,0
BRDA:30,1,1,0
BRDA:49,2,0,1
BRDA:49,2,1,0
BRDA:55,3,0,0
BRDA:55,3,1,1
BRF:8
BRH:3
end_of_record
TN:
SF:src\index.js
FNF:0
FNH:0
DA:10,0
DA:11,0
DA:19,0
LF:3
LH:0
BRF:0
BRH:0
end_of_record
TN:
SF:src\components\Card.js
FN:5,(anonymous_0)
FN:12,(anonymous_1)
FN:16,(anonymous_2)
FN:20,(anonymous_3)
FN:26,(anonymous_4)
FN:69,(anonymous_5)
FNF:6
FNH:1
FNDA:2,(anonymous_0)
FNDA:0,(anonymous_1)
FNDA:0,(anonymous_2)
FNDA:0,(anonymous_3)
FNDA:0,(anonymous_4)
FNDA:0,(anonymous_5)
DA:5,2
DA:6,2
DA:8,2
DA:9,2
DA:10,2
DA:12,2
DA:13,0
DA:16,2
DA:17,0
DA:20,2
DA:21,0
DA:22,0
DA:26,2
DA:27,0
DA:30,2
DA:69,0
LF:16
LH:10
BRDA:21,0,0,0
BRDA:21,0,1,0
BRDA:57,1,0,0
BRDA:57,1,1,2
BRF:4
BRH:1
end_of_record
TN:
SF:src\components\CardList.js
FN:4,(anonymous_0)
FN:10,(anonymous_1)
FN:11,(anonymous_2)
FN:11,(anonymous_3)
FN:16,(anonymous_4)
FNF:5
FNH:2
FNDA:2,(anonymous_0)
FNDA:0,(anonymous_1)
FNDA:0,(anonymous_2)
FNDA:0,(anonymous_3)
FNDA:2,(anonymous_4)
DA:4,2
DA:5,2
DA:6,1
DA:10,1
DA:11,0
DA:14,1
DA:17,2
LF:7
LH:6
BRDA:5,0,0,1
BRDA:5,0,1,1
BRDA:5,1,0,2
BRDA:5,1,1,2
BRF:4
BRH:4
end_of_record
TN:
SF:src\components\EditUser.js
FN:4,(anonymous_0)
FN:8,(anonymous_1)
FN:16,(anonymous_2)
FNF:3
FNH:1
FNDA:2,(anonymous_0)
FNDA:0,(anonymous_1)
FNDA:0,(anonymous_2)
DA:4,2
DA:5,2
DA:8,2
DA:9,0
DA:10,0
DA:16,2
DA:17,0
DA:18,0
DA:21,2
LF:9
LH:5
BRF:0
BRH:0
end_of_record
TN:
SF:src\components\Login.js
FN:4,(anonymous_0)
FN:14,(anonymous_1)
FN:42,(anonymous_2)
FN:53,(anonymous_3)
FNF:4
FNH:4
FNDA:10,(anonymous_0)
FNDA:2,(anonymous_1)
FNDA:2,(anonymous_2)
FNDA:2,(anonymous_3)
DA:4,2
DA:5,10
DA:6,10
DA:7,10
DA:8,10
DA:11,10
DA:12,10
DA:14,10
DA:15,2
DA:16,2
DA:18,2
DA:20,1
DA:21,1
DA:23,1
DA:24,1
DA:26,1
DA:30,10
DA:42,2
DA:53,2
LF:19
LH:19
BRDA:18,0,0,1
BRDA:18,0,1,1
BRDA:18,1,0,2
BRDA:18,1,1,1
BRDA:33,2,0,10
BRDA:33,2,1,1
BRF:6
BRH:6
end_of_record
TN:
SF:src\components\Profile.js
FN:4,(anonymous_0)
FN:6,(anonymous_1)
FNF:2
FNH:2
FNDA:1,(anonymous_0)
FNDA:1,(anonymous_1)
DA:4,2
DA:5,1
DA:6,1
DA:8,1
DA:10,1
DA:11,0
DA:14,1
LF:7
LH:6
BRDA:10,0,0,0
BRDA:10,0,1,1
BRF:2
BRH:1
end_of_record
